# JRE version: Java(TM) SE Runtime Environment (8.0_65-b17) (build 1.8.0_65-b17)
# Java VM: Java HotSpot(TM) 64-Bit Server VM (25.65-b01 mixed mode windows-amd64 compressed oops)
Heap:
 PSYoungGen      total 142336K, used 56252K [0x00000000eab00000, 0x00000000f4500000, 0x0000000100000000)
  eden space 126976K, 44% used [0x00000000eab00000,0x00000000ee1ef088,0x00000000f2700000)
  from space 15360K, 0% used [0x00000000f2700000,0x00000000f2700000,0x00000000f3600000)
  to   space 15360K, 0% used [0x00000000f3600000,0x00000000f3600000,0x00000000f4500000)
 ParOldGen       total 70144K, used 24841K [0x00000000c0000000, 0x00000000c4480000, 0x00000000eab00000)
  object space 70144K, 35% used [0x00000000c0000000,0x00000000c18424f0,0x00000000c4480000)
 Metaspace       used 58768K, capacity 60200K, committed 61696K, reserved 1103872K
  class space    used 7516K, capacity 7820K, committed 8192K, reserved 1048576K
GC Heap History (10 events):
Event: 2251.215 GC heap before
{Heap before GC invocations=34 (full 7):
 PSYoungGen      total 144384K, used 49277K [0x00000000eab00000, 0x00000000f4a80000, 0x0000000100000000)
  eden space 131584K, 31% used [0x00000000eab00000,0x00000000ed3caf80,0x00000000f2b80000)
  from space 12800K, 58% used [0x00000000f3e00000,0x00000000f45545a8,0x00000000f4a80000)
  to   space 15872K, 0% used [0x00000000f2b80000,0x00000000f2b80000,0x00000000f3b00000)
 ParOldGen       total 70144K, used 32536K [0x00000000c0000000, 0x00000000c4480000, 0x00000000eab00000)
  object space 70144K, 46% used [0x00000000c0000000,0x00000000c1fc6200,0x00000000c4480000)
 Metaspace       used 58830K, capacity 60694K, committed 61056K, reserved 1101824K
  class space    used 7613K, capacity 8011K, committed 8064K, reserved 1048576K
Event: 2251.218 GC heap after
Heap after GC invocations=34 (full 7):
 PSYoungGen      total 147456K, used 736K [0x00000000eab00000, 0x00000000f4b80000, 0x0000000100000000)
  eden space 131584K, 0% used [0x00000000eab00000,0x00000000eab00000,0x00000000f2b80000)
  from space 15872K, 4% used [0x00000000f2b80000,0x00000000f2c38250,0x00000000f3b00000)
  to   space 16384K, 0% used [0x00000000f3b80000,0x00000000f3b80000,0x00000000f4b80000)
 ParOldGen       total 70144K, used 32544K [0x00000000c0000000, 0x00000000c4480000, 0x00000000eab00000)
  object space 70144K, 46% used [0x00000000c0000000,0x00000000c1fc8200,0x00000000c4480000)
 Metaspace       used 58830K, capacity 60694K, committed 61056K, reserved 1101824K
  class space    used 7613K, capacity 8011K, committed 8064K, reserved 1048576K
}
Event: 2251.218 GC heap before
{Heap before GC invocations=35 (full 8):
 PSYoungGen      total 147456K, used 736K [0x00000000eab00000, 0x00000000f4b80000, 0x0000000100000000)
  eden space 131584K, 0% used [0x00000000eab00000,0x00000000eab00000,0x00000000f2b80000)
  from space 15872K, 4% used [0x00000000f2b80000,0x00000000f2c38250,0x00000000f3b00000)
  to   space 16384K, 0% used [0x00000000f3b80000,0x00000000f3b80000,0x00000000f4b80000)
 ParOldGen       total 70144K, used 32544K [0x00000000c0000000, 0x00000000c4480000, 0x00000000eab00000)
  object space 70144K, 46% used [0x00000000c0000000,0x00000000c1fc8200,0x00000000c4480000)
 Metaspace       used 58830K, capacity 60694K, committed 61056K, reserved 1101824K
  class space    used 7613K, capacity 8011K, committed 8064K, reserved 1048576K
Event: 2251.569 GC heap after
Heap after GC invocations=35 (full 8):
 PSYoungGen      total 147456K, used 0K [0x00000000eab00000, 0x00000000f4b80000, 0x0000000100000000)
  eden space 131584K, 0% used [0x00000000eab00000,0x00000000eab00000,0x00000000f2b80000)
  from space 15872K, 0% used [0x00000000f2b80000,0x00000000f2b80000,0x00000000f3b00000)
  to   space 16384K, 0% used [0x00000000f3b80000,0x00000000f3b80000,0x00000000f4b80000)
 ParOldGen       total 70144K, used 32398K [0x00000000c0000000, 0x00000000c4480000, 0x00000000eab00000)
  object space 70144K, 46% used [0x00000000c0000000,0x00000000c1fa3a10,0x00000000c4480000)
 Metaspace       used 58830K, capacity 60694K, committed 61056K, reserved 1101824K
  class space    used 7613K, capacity 8011K, committed 8064K, reserved 1048576K
}
Event: 43654.607 GC heap before
{Heap before GC invocations=36 (full 8):
 PSYoungGen      total 147456K, used 131584K [0x00000000eab00000, 0x00000000f4b80000, 0x0000000100000000)
  eden space 131584K, 100% used [0x00000000eab00000,0x00000000f2b80000,0x00000000f2b80000)
  from space 15872K, 0% used [0x00000000f2b80000,0x00000000f2b80000,0x00000000f3b00000)
  to   space 16384K, 0% used [0x00000000f3b80000,0x00000000f3b80000,0x00000000f4b80000)
 ParOldGen       total 70144K, used 32398K [0x00000000c0000000, 0x00000000c4480000, 0x00000000eab00000)
  object space 70144K, 46% used [0x00000000c0000000,0x00000000c1fa3a10,0x00000000c4480000)
 Metaspace       used 59137K, capacity 61192K, committed 61440K, reserved 1101824K
  class space    used 7643K, capacity 8062K, committed 8192K, reserved 1048576K
Event: 43654.617 GC heap after
Heap after GC invocations=36 (full 8):
 PSYoungGen      total 136704K, used 4976K [0x00000000eab00000, 0x00000000f4500000, 0x0000000100000000)
  eden space 126976K, 0% used [0x00000000eab00000,0x00000000eab00000,0x00000000f2700000)
  from space 9728K, 51% used [0x00000000f3b80000,0x00000000f405c010,0x00000000f4500000)
  to   space 15360K, 0% used [0x00000000f2700000,0x00000000f2700000,0x00000000f3600000)
 ParOldGen       total 70144K, used 32406K [0x00000000c0000000, 0x00000000c4480000, 0x00000000eab00000)
  object space 70144K, 46% used [0x00000000c0000000,0x00000000c1fa5a10,0x00000000c4480000)
 Metaspace       used 59137K, capacity 61192K, committed 61440K, reserved 1101824K
  class space    used 7643K, capacity 8062K, committed 8192K, reserved 1048576K
}
Event: 43659.571 GC heap before
{Heap before GC invocations=37 (full 8):
 PSYoungGen      total 136704K, used 70580K [0x00000000eab00000, 0x00000000f4500000, 0x0000000100000000)
  eden space 126976K, 51% used [0x00000000eab00000,0x00000000eeb11068,0x00000000f2700000)
  from space 9728K, 51% used [0x00000000f3b80000,0x00000000f405c010,0x00000000f4500000)
  to   space 15360K, 0% used [0x00000000f2700000,0x00000000f2700000,0x00000000f3600000)
 ParOldGen       total 70144K, used 32406K [0x00000000c0000000, 0x00000000c4480000, 0x00000000eab00000)
  object space 70144K, 46% used [0x00000000c0000000,0x00000000c1fa5a10,0x00000000c4480000)
 Metaspace       used 59253K, capacity 61304K, committed 61440K, reserved 1101824K
  class space    used 7648K, capacity 8071K, committed 8192K, reserved 1048576K
Event: 43659.577 GC heap after
Heap after GC invocations=37 (full 8):
 PSYoungGen      total 142336K, used 4463K [0x00000000eab00000, 0x00000000f4500000, 0x0000000100000000)
  eden space 126976K, 0% used [0x00000000eab00000,0x00000000eab00000,0x00000000f2700000)
  from space 15360K, 29% used [0x00000000f2700000,0x00000000f2b5be90,0x00000000f3600000)
  to   space 15360K, 0% used [0x00000000f3600000,0x00000000f3600000,0x00000000f4500000)
 ParOldGen       total 70144K, used 32406K [0x00000000c0000000, 0x00000000c4480000, 0x00000000eab00000)
  object space 70144K, 46% used [0x00000000c0000000,0x00000000c1fa5a10,0x00000000c4480000)
 Metaspace       used 59253K, capacity 61304K, committed 61440K, reserved 1101824K
  class space    used 7648K, capacity 8071K, committed 8192K, reserved 1048576K
}
Event: 43659.577 GC heap before
{Heap before GC invocations=38 (full 9):
 PSYoungGen      total 142336K, used 4463K [0x00000000eab00000, 0x00000000f4500000, 0x0000000100000000)
  eden space 126976K, 0% used [0x00000000eab00000,0x00000000eab00000,0x00000000f2700000)
  from space 15360K, 29% used [0x00000000f2700000,0x00000000f2b5be90,0x00000000f3600000)
  to   space 15360K, 0% used [0x00000000f3600000,0x00000000f3600000,0x00000000f4500000)
 ParOldGen       total 70144K, used 32406K [0x00000000c0000000, 0x00000000c4480000, 0x00000000eab00000)
  object space 70144K, 46% used [0x00000000c0000000,0x00000000c1fa5a10,0x00000000c4480000)
 Metaspace       used 59253K, capacity 61304K, committed 61440K, reserved 1101824K
  class space    used 7648K, capacity 8071K, committed 8192K, reserved 1048576K
Event: 43659.863 GC heap after
Heap after GC invocations=38 (full 9):
 PSYoungGen      total 142336K, used 0K [0x00000000eab00000, 0x00000000f4500000, 0x0000000100000000)
  eden space 126976K, 0% used [0x00000000eab00000,0x00000000eab00000,0x00000000f2700000)
  from space 15360K, 0% used [0x00000000f2700000,0x00000000f2700000,0x00000000f3600000)
  to   space 15360K, 0% used [0x00000000f3600000,0x00000000f3600000,0x00000000f4500000)
 ParOldGen       total 70144K, used 24841K [0x00000000c0000000, 0x00000000c4480000, 0x00000000eab00000)
  object space 70144K, 35% used [0x00000000c0000000,0x00000000c18424f0,0x00000000c4480000)
 Metaspace       used 58587K, capacity 59882K, committed 61440K, reserved 1101824K
  class space    used 7487K, capacity 7771K, committed 8192K, reserved 1048576K
}

